-- Install configuration: ""
-- Up-to-date: /home/fadlan/Documents/Vision-Heroes/nav2_odom_ws/install/nav2_odom_ws/share/nav2_odom_ws/config
-- Up-to-date: /home/fadlan/Documents/Vision-Heroes/nav2_odom_ws/install/nav2_odom_ws/share/nav2_odom_ws/config/waypoints.yaml
-- Up-to-date: /home/fadlan/Documents/Vision-Heroes/nav2_odom_ws/install/nav2_odom_ws/share/nav2_odom_ws/config/nav2_params_odom_only.yaml
-- Up-to-date: /home/fadlan/Documents/Vision-Heroes/nav2_odom_ws/install/nav2_odom_ws/share/nav2_odom_ws/config/nav2_odom_only.rviz
-- Up-to-date: /home/fadlan/Documents/Vision-Heroes/nav2_odom_ws/install/nav2_odom_ws/share/nav2_odom_ws/launch
-- Up-to-date: /home/fadlan/Documents/Vision-Heroes/nav2_odom_ws/install/nav2_odom_ws/share/nav2_odom_ws/launch/navigation_odom_only.launch.py
-- Up-to-date: /home/fadlan/Documents/Vision-Heroes/nav2_odom_ws/install/nav2_odom_ws/share/nav2_odom_ws/launch/launch_sim_ign.launch.py
-- Up-to-date: /home/fadlan/Documents/Vision-Heroes/nav2_odom_ws/install/nav2_odom_ws/share/nav2_odom_ws/launch/__pycache__
-- Up-to-date: /home/fadlan/Documents/Vision-Heroes/nav2_odom_ws/install/nav2_odom_ws/share/nav2_odom_ws/launch/__pycache__/launch_sim_ign.launch.cpython-310.pyc
-- Up-to-date: /home/fadlan/Documents/Vision-Heroes/nav2_odom_ws/install/nav2_odom_ws/share/ament_index/resource_index/package_run_dependencies/nav2_odom_ws
-- Up-to-date: /home/fadlan/Documents/Vision-Heroes/nav2_odom_ws/install/nav2_odom_ws/share/ament_index/resource_index/parent_prefix_path/nav2_odom_ws
-- Up-to-date: /home/fadlan/Documents/Vision-Heroes/nav2_odom_ws/install/nav2_odom_ws/share/nav2_odom_ws/environment/ament_prefix_path.sh
-- Up-to-date: /home/fadlan/Documents/Vision-Heroes/nav2_odom_ws/install/nav2_odom_ws/share/nav2_odom_ws/environment/ament_prefix_path.dsv
-- Up-to-date: /home/fadlan/Documents/Vision-Heroes/nav2_odom_ws/install/nav2_odom_ws/share/nav2_odom_ws/environment/path.sh
-- Up-to-date: /home/fadlan/Documents/Vision-Heroes/nav2_odom_ws/install/nav2_odom_ws/share/nav2_odom_ws/environment/path.dsv
-- Up-to-date: /home/fadlan/Documents/Vision-Heroes/nav2_odom_ws/install/nav2_odom_ws/share/nav2_odom_ws/local_setup.bash
-- Up-to-date: /home/fadlan/Documents/Vision-Heroes/nav2_odom_ws/install/nav2_odom_ws/share/nav2_odom_ws/local_setup.sh
-- Up-to-date: /home/fadlan/Documents/Vision-Heroes/nav2_odom_ws/install/nav2_odom_ws/share/nav2_odom_ws/local_setup.zsh
-- Up-to-date: /home/fadlan/Documents/Vision-Heroes/nav2_odom_ws/install/nav2_odom_ws/share/nav2_odom_ws/local_setup.dsv
-- Up-to-date: /home/fadlan/Documents/Vision-Heroes/nav2_odom_ws/install/nav2_odom_ws/share/nav2_odom_ws/package.dsv
-- Up-to-date: /home/fadlan/Documents/Vision-Heroes/nav2_odom_ws/install/nav2_odom_ws/share/ament_index/resource_index/packages/nav2_odom_ws
-- Up-to-date: /home/fadlan/Documents/Vision-Heroes/nav2_odom_ws/install/nav2_odom_ws/share/nav2_odom_ws/cmake/nav2_odom_wsConfig.cmake
-- Up-to-date: /home/fadlan/Documents/Vision-Heroes/nav2_odom_ws/install/nav2_odom_ws/share/nav2_odom_ws/cmake/nav2_odom_wsConfig-version.cmake
-- Up-to-date: /home/fadlan/Documents/Vision-Heroes/nav2_odom_ws/install/nav2_odom_ws/share/nav2_odom_ws/package.xml
