[0.124s] DEBUG:colcon:Command line arguments: ['/usr/bin/colcon', 'build', '--packages-select', 'nav2_odom_ws']
[0.124s] DEBUG:colcon:Parsed command line arguments: Namespace(log_base=None, log_level=None, verb_name='build', build_base='build', install_base='install', merge_install=False, symlink_install=False, test_result_base=None, continue_on_error=False, executor='parallel', parallel_workers=12, event_handlers=None, ignore_user_meta=False, metas=['./colcon.meta'], base_paths=['.'], packages_ignore=None, packages_ignore_regex=None, paths=None, packages_up_to=None, packages_up_to_regex=None, packages_above=None, packages_above_and_dependencies=None, packages_above_depth=None, packages_select_by_dep=None, packages_skip_by_dep=None, packages_skip_up_to=None, packages_select_build_failed=False, packages_skip_build_finished=False, packages_select_test_failures=False, packages_skip_test_passed=False, packages_select=['nav2_odom_ws'], packages_skip=None, packages_select_regex=None, packages_skip_regex=None, packages_start=None, packages_end=None, allow_overriding=[], cmake_args=None, cmake_target=None, cmake_target_skip_unavailable=False, cmake_clean_cache=False, cmake_clean_first=False, cmake_force_configure=False, ament_cmake_args=None, catkin_cmake_args=None, catkin_skip_building_tests=False, verb_parser=<colcon_defaults.argument_parser.defaults.DefaultArgumentsDecorator object at 0x71ab39669240>, verb_extension=<colcon_core.verb.build.BuildVerb object at 0x71ab3975e770>, main=<bound method BuildVerb.main of <colcon_core.verb.build.BuildVerb object at 0x71ab3975e770>>)
[0.324s] Level 1:colcon.colcon_core.package_discovery:discover_packages(colcon_meta) check parameters
[0.324s] Level 1:colcon.colcon_core.package_discovery:discover_packages(recursive) check parameters
[0.324s] Level 1:colcon.colcon_core.package_discovery:discover_packages(ignore) check parameters
[0.324s] Level 1:colcon.colcon_core.package_discovery:discover_packages(path) check parameters
[0.324s] Level 1:colcon.colcon_core.package_discovery:discover_packages(colcon_meta) discover
[0.324s] Level 1:colcon.colcon_core.package_discovery:discover_packages(recursive) discover
[0.324s] INFO:colcon.colcon_core.package_discovery:Crawling recursively for packages in '/home/fadlan/Documents/Vision-Heroes/nav2_odom_ws'
[0.324s] Level 1:colcon.colcon_core.package_identification:_identify(.) by extensions ['ignore', 'ignore_ament_install']
[0.325s] Level 1:colcon.colcon_core.package_identification:_identify(.) by extension 'ignore'
[0.325s] Level 1:colcon.colcon_core.package_identification:_identify(.) by extension 'ignore_ament_install'
[0.325s] Level 1:colcon.colcon_core.package_identification:_identify(.) by extensions ['colcon_pkg']
[0.325s] Level 1:colcon.colcon_core.package_identification:_identify(.) by extension 'colcon_pkg'
[0.325s] Level 1:colcon.colcon_core.package_identification:_identify(.) by extensions ['colcon_meta']
[0.325s] Level 1:colcon.colcon_core.package_identification:_identify(.) by extension 'colcon_meta'
[0.325s] Level 1:colcon.colcon_core.package_identification:_identify(.) by extensions ['ros']
[0.325s] Level 1:colcon.colcon_core.package_identification:_identify(.) by extension 'ros'
[0.337s] Level 1:colcon.colcon_core.package_identification:_identify(.) by extensions ['cmake', 'python']
[0.337s] Level 1:colcon.colcon_core.package_identification:_identify(.) by extension 'cmake'
[0.337s] Level 1:colcon.colcon_core.package_identification:_identify(.) by extension 'python'
[0.337s] Level 1:colcon.colcon_core.package_identification:_identify(.) by extensions ['python_setup_py']
[0.337s] Level 1:colcon.colcon_core.package_identification:_identify(.) by extension 'python_setup_py'
[0.337s] Level 1:colcon.colcon_core.package_identification:_identify(build) by extensions ['ignore', 'ignore_ament_install']
[0.337s] Level 1:colcon.colcon_core.package_identification:_identify(build) by extension 'ignore'
[0.337s] Level 1:colcon.colcon_core.package_identification:_identify(build) ignored
[0.337s] Level 1:colcon.colcon_core.package_identification:_identify(install) by extensions ['ignore', 'ignore_ament_install']
[0.337s] Level 1:colcon.colcon_core.package_identification:_identify(install) by extension 'ignore'
[0.337s] Level 1:colcon.colcon_core.package_identification:_identify(install) ignored
[0.338s] Level 1:colcon.colcon_core.package_identification:_identify(log) by extensions ['ignore', 'ignore_ament_install']
[0.338s] Level 1:colcon.colcon_core.package_identification:_identify(log) by extension 'ignore'
[0.338s] Level 1:colcon.colcon_core.package_identification:_identify(log) ignored
[0.338s] Level 1:colcon.colcon_core.package_identification:_identify(src) by extensions ['ignore', 'ignore_ament_install']
[0.338s] Level 1:colcon.colcon_core.package_identification:_identify(src) by extension 'ignore'
[0.338s] Level 1:colcon.colcon_core.package_identification:_identify(src) by extension 'ignore_ament_install'
[0.338s] Level 1:colcon.colcon_core.package_identification:_identify(src) by extensions ['colcon_pkg']
[0.338s] Level 1:colcon.colcon_core.package_identification:_identify(src) by extension 'colcon_pkg'
[0.338s] Level 1:colcon.colcon_core.package_identification:_identify(src) by extensions ['colcon_meta']
[0.338s] Level 1:colcon.colcon_core.package_identification:_identify(src) by extension 'colcon_meta'
[0.338s] Level 1:colcon.colcon_core.package_identification:_identify(src) by extensions ['ros']
[0.338s] Level 1:colcon.colcon_core.package_identification:_identify(src) by extension 'ros'
[0.338s] Level 1:colcon.colcon_core.package_identification:_identify(src) by extensions ['cmake', 'python']
[0.338s] Level 1:colcon.colcon_core.package_identification:_identify(src) by extension 'cmake'
[0.338s] Level 1:colcon.colcon_core.package_identification:_identify(src) by extension 'python'
[0.339s] Level 1:colcon.colcon_core.package_identification:_identify(src) by extensions ['python_setup_py']
[0.339s] Level 1:colcon.colcon_core.package_identification:_identify(src) by extension 'python_setup_py'
[0.339s] Level 1:colcon.colcon_core.package_identification:_identify(src/nav2_odom_ws) by extensions ['ignore', 'ignore_ament_install']
[0.339s] Level 1:colcon.colcon_core.package_identification:_identify(src/nav2_odom_ws) by extension 'ignore'
[0.339s] Level 1:colcon.colcon_core.package_identification:_identify(src/nav2_odom_ws) by extension 'ignore_ament_install'
[0.339s] Level 1:colcon.colcon_core.package_identification:_identify(src/nav2_odom_ws) by extensions ['colcon_pkg']
[0.339s] Level 1:colcon.colcon_core.package_identification:_identify(src/nav2_odom_ws) by extension 'colcon_pkg'
[0.339s] Level 1:colcon.colcon_core.package_identification:_identify(src/nav2_odom_ws) by extensions ['colcon_meta']
[0.339s] Level 1:colcon.colcon_core.package_identification:_identify(src/nav2_odom_ws) by extension 'colcon_meta'
[0.339s] Level 1:colcon.colcon_core.package_identification:_identify(src/nav2_odom_ws) by extensions ['ros']
[0.339s] Level 1:colcon.colcon_core.package_identification:_identify(src/nav2_odom_ws) by extension 'ros'
[0.341s] DEBUG:colcon.colcon_core.package_identification:Package 'src/nav2_odom_ws' with type 'ros.ament_cmake' and name 'nav2_odom_ws'
[0.342s] Level 1:colcon.colcon_core.package_discovery:discover_packages(recursive) using defaults
[0.342s] Level 1:colcon.colcon_core.package_discovery:discover_packages(ignore) discover
[0.342s] Level 1:colcon.colcon_core.package_discovery:discover_packages(ignore) using defaults
[0.342s] Level 1:colcon.colcon_core.package_discovery:discover_packages(path) discover
[0.342s] Level 1:colcon.colcon_core.package_discovery:discover_packages(path) using defaults
[0.378s] Level 1:colcon.colcon_core.package_discovery:discover_packages(prefix_path) check parameters
[0.378s] Level 1:colcon.colcon_core.package_discovery:discover_packages(prefix_path) discover
[0.380s] DEBUG:colcon.colcon_installed_package_information.package_discovery:Found 2 installed packages in /home/fadlan/ydlidar_ros2_ws/install
[0.380s] DEBUG:colcon.colcon_installed_package_information.package_discovery:Found 1 installed packages in /home/fadlan/Vision-Heroes-2026/lidarcuy_ws/ydlidar_ros2_ws/install
[0.382s] DEBUG:colcon.colcon_installed_package_information.package_discovery:Found 388 installed packages in /opt/ros/humble
[0.384s] Level 1:colcon.colcon_core.package_discovery:discover_packages(prefix_path) using defaults
[0.437s] Level 5:colcon.colcon_core.verb:set package 'nav2_odom_ws' build argument 'cmake_args' from command line to 'None'
[0.437s] Level 5:colcon.colcon_core.verb:set package 'nav2_odom_ws' build argument 'cmake_target' from command line to 'None'
[0.437s] Level 5:colcon.colcon_core.verb:set package 'nav2_odom_ws' build argument 'cmake_target_skip_unavailable' from command line to 'False'
[0.437s] Level 5:colcon.colcon_core.verb:set package 'nav2_odom_ws' build argument 'cmake_clean_cache' from command line to 'False'
[0.437s] Level 5:colcon.colcon_core.verb:set package 'nav2_odom_ws' build argument 'cmake_clean_first' from command line to 'False'
[0.437s] Level 5:colcon.colcon_core.verb:set package 'nav2_odom_ws' build argument 'cmake_force_configure' from command line to 'False'
[0.437s] Level 5:colcon.colcon_core.verb:set package 'nav2_odom_ws' build argument 'ament_cmake_args' from command line to 'None'
[0.437s] Level 5:colcon.colcon_core.verb:set package 'nav2_odom_ws' build argument 'catkin_cmake_args' from command line to 'None'
[0.437s] Level 5:colcon.colcon_core.verb:set package 'nav2_odom_ws' build argument 'catkin_skip_building_tests' from command line to 'False'
[0.437s] DEBUG:colcon.colcon_core.verb:Building package 'nav2_odom_ws' with the following arguments: {'ament_cmake_args': None, 'build_base': '/home/fadlan/Documents/Vision-Heroes/nav2_odom_ws/build/nav2_odom_ws', 'catkin_cmake_args': None, 'catkin_skip_building_tests': False, 'cmake_args': None, 'cmake_clean_cache': False, 'cmake_clean_first': False, 'cmake_force_configure': False, 'cmake_target': None, 'cmake_target_skip_unavailable': False, 'install_base': '/home/fadlan/Documents/Vision-Heroes/nav2_odom_ws/install/nav2_odom_ws', 'merge_install': False, 'path': '/home/fadlan/Documents/Vision-Heroes/nav2_odom_ws/src/nav2_odom_ws', 'symlink_install': False, 'test_result_base': None}
[0.437s] INFO:colcon.colcon_core.executor:Executing jobs using 'parallel' executor
[0.439s] DEBUG:colcon.colcon_parallel_executor.executor.parallel:run_until_complete
[0.439s] INFO:colcon.colcon_ros.task.ament_cmake.build:Building ROS package in '/home/fadlan/Documents/Vision-Heroes/nav2_odom_ws/src/nav2_odom_ws' with build type 'ament_cmake'
[0.439s] INFO:colcon.colcon_cmake.task.cmake.build:Building CMake package in '/home/fadlan/Documents/Vision-Heroes/nav2_odom_ws/src/nav2_odom_ws'
[0.441s] INFO:colcon.colcon_core.plugin_system:Skipping extension 'colcon_core.shell.bat': Not used on non-Windows systems
[0.441s] INFO:colcon.colcon_core.shell:Skip shell extension 'powershell' for command environment: Not usable outside of PowerShell
[0.441s] DEBUG:colcon.colcon_core.shell:Skip shell extension 'dsv' for command environment
[0.454s] DEBUG:colcon.colcon_core.event_handler.log_command:Invoking command in '/home/fadlan/Documents/Vision-Heroes/nav2_odom_ws/build/nav2_odom_ws': CMAKE_PREFIX_PATH=${CMAKE_PREFIX_PATH}:/opt/ros/humble /usr/bin/cmake --build /home/fadlan/Documents/Vision-Heroes/nav2_odom_ws/build/nav2_odom_ws -- -j12 -l12
[0.507s] DEBUG:colcon.colcon_core.event_handler.log_command:Invoked command in '/home/fadlan/Documents/Vision-Heroes/nav2_odom_ws/build/nav2_odom_ws' returned '0': CMAKE_PREFIX_PATH=${CMAKE_PREFIX_PATH}:/opt/ros/humble /usr/bin/cmake --build /home/fadlan/Documents/Vision-Heroes/nav2_odom_ws/build/nav2_odom_ws -- -j12 -l12
[0.520s] DEBUG:colcon.colcon_core.event_handler.log_command:Invoking command in '/home/fadlan/Documents/Vision-Heroes/nav2_odom_ws/build/nav2_odom_ws': CMAKE_PREFIX_PATH=${CMAKE_PREFIX_PATH}:/opt/ros/humble /usr/bin/cmake --install /home/fadlan/Documents/Vision-Heroes/nav2_odom_ws/build/nav2_odom_ws
[0.534s] Level 1:colcon.colcon_core.environment:create_environment_scripts_only(nav2_odom_ws)
[0.534s] DEBUG:colcon.colcon_core.event_handler.log_command:Invoked command in '/home/fadlan/Documents/Vision-Heroes/nav2_odom_ws/build/nav2_odom_ws' returned '0': CMAKE_PREFIX_PATH=${CMAKE_PREFIX_PATH}:/opt/ros/humble /usr/bin/cmake --install /home/fadlan/Documents/Vision-Heroes/nav2_odom_ws/build/nav2_odom_ws
[0.536s] Level 1:colcon.colcon_core.environment:checking '/home/fadlan/Documents/Vision-Heroes/nav2_odom_ws/install/nav2_odom_ws' for CMake module files
[0.537s] Level 1:colcon.colcon_core.environment:checking '/home/fadlan/Documents/Vision-Heroes/nav2_odom_ws/install/nav2_odom_ws' for CMake config files
[0.537s] Level 1:colcon.colcon_core.shell:create_environment_hook('nav2_odom_ws', 'cmake_prefix_path')
[0.537s] INFO:colcon.colcon_core.shell:Creating environment hook '/home/fadlan/Documents/Vision-Heroes/nav2_odom_ws/install/nav2_odom_ws/share/nav2_odom_ws/hook/cmake_prefix_path.ps1'
[0.538s] INFO:colcon.colcon_core.shell:Creating environment descriptor '/home/fadlan/Documents/Vision-Heroes/nav2_odom_ws/install/nav2_odom_ws/share/nav2_odom_ws/hook/cmake_prefix_path.dsv'
[0.539s] INFO:colcon.colcon_core.shell:Creating environment hook '/home/fadlan/Documents/Vision-Heroes/nav2_odom_ws/install/nav2_odom_ws/share/nav2_odom_ws/hook/cmake_prefix_path.sh'
[0.540s] Level 1:colcon.colcon_core.environment:checking '/home/fadlan/Documents/Vision-Heroes/nav2_odom_ws/install/nav2_odom_ws/bin'
[0.540s] Level 1:colcon.colcon_core.environment:checking '/home/fadlan/Documents/Vision-Heroes/nav2_odom_ws/install/nav2_odom_ws/lib/pkgconfig/nav2_odom_ws.pc'
[0.540s] Level 1:colcon.colcon_core.environment:checking '/home/fadlan/Documents/Vision-Heroes/nav2_odom_ws/install/nav2_odom_ws/lib/python3.10/site-packages'
[0.540s] Level 1:colcon.colcon_core.environment:checking '/home/fadlan/Documents/Vision-Heroes/nav2_odom_ws/install/nav2_odom_ws/bin'
[0.541s] INFO:colcon.colcon_core.shell:Creating package script '/home/fadlan/Documents/Vision-Heroes/nav2_odom_ws/install/nav2_odom_ws/share/nav2_odom_ws/package.ps1'
[0.542s] INFO:colcon.colcon_core.shell:Creating package descriptor '/home/fadlan/Documents/Vision-Heroes/nav2_odom_ws/install/nav2_odom_ws/share/nav2_odom_ws/package.dsv'
[0.542s] INFO:colcon.colcon_core.shell:Creating package script '/home/fadlan/Documents/Vision-Heroes/nav2_odom_ws/install/nav2_odom_ws/share/nav2_odom_ws/package.sh'
[0.543s] INFO:colcon.colcon_core.shell:Creating package script '/home/fadlan/Documents/Vision-Heroes/nav2_odom_ws/install/nav2_odom_ws/share/nav2_odom_ws/package.bash'
[0.544s] INFO:colcon.colcon_core.shell:Creating package script '/home/fadlan/Documents/Vision-Heroes/nav2_odom_ws/install/nav2_odom_ws/share/nav2_odom_ws/package.zsh'
[0.544s] Level 1:colcon.colcon_core.environment:create_file_with_runtime_dependencies(/home/fadlan/Documents/Vision-Heroes/nav2_odom_ws/install/nav2_odom_ws/share/colcon-core/packages/nav2_odom_ws)
[0.545s] Level 1:colcon.colcon_core.environment:create_environment_scripts_only(nav2_odom_ws)
[0.545s] Level 1:colcon.colcon_core.environment:checking '/home/fadlan/Documents/Vision-Heroes/nav2_odom_ws/install/nav2_odom_ws' for CMake module files
[0.546s] Level 1:colcon.colcon_core.environment:checking '/home/fadlan/Documents/Vision-Heroes/nav2_odom_ws/install/nav2_odom_ws' for CMake config files
[0.546s] Level 1:colcon.colcon_core.shell:create_environment_hook('nav2_odom_ws', 'cmake_prefix_path')
[0.546s] INFO:colcon.colcon_core.shell:Creating environment hook '/home/fadlan/Documents/Vision-Heroes/nav2_odom_ws/install/nav2_odom_ws/share/nav2_odom_ws/hook/cmake_prefix_path.ps1'
[0.547s] INFO:colcon.colcon_core.shell:Creating environment descriptor '/home/fadlan/Documents/Vision-Heroes/nav2_odom_ws/install/nav2_odom_ws/share/nav2_odom_ws/hook/cmake_prefix_path.dsv'
[0.547s] INFO:colcon.colcon_core.shell:Creating environment hook '/home/fadlan/Documents/Vision-Heroes/nav2_odom_ws/install/nav2_odom_ws/share/nav2_odom_ws/hook/cmake_prefix_path.sh'
[0.548s] Level 1:colcon.colcon_core.environment:checking '/home/fadlan/Documents/Vision-Heroes/nav2_odom_ws/install/nav2_odom_ws/bin'
[0.548s] Level 1:colcon.colcon_core.environment:checking '/home/fadlan/Documents/Vision-Heroes/nav2_odom_ws/install/nav2_odom_ws/lib/pkgconfig/nav2_odom_ws.pc'
[0.548s] Level 1:colcon.colcon_core.environment:checking '/home/fadlan/Documents/Vision-Heroes/nav2_odom_ws/install/nav2_odom_ws/lib/python3.10/site-packages'
[0.548s] Level 1:colcon.colcon_core.environment:checking '/home/fadlan/Documents/Vision-Heroes/nav2_odom_ws/install/nav2_odom_ws/bin'
[0.549s] INFO:colcon.colcon_core.shell:Creating package script '/home/fadlan/Documents/Vision-Heroes/nav2_odom_ws/install/nav2_odom_ws/share/nav2_odom_ws/package.ps1'
[0.549s] INFO:colcon.colcon_core.shell:Creating package descriptor '/home/fadlan/Documents/Vision-Heroes/nav2_odom_ws/install/nav2_odom_ws/share/nav2_odom_ws/package.dsv'
[0.550s] INFO:colcon.colcon_core.shell:Creating package script '/home/fadlan/Documents/Vision-Heroes/nav2_odom_ws/install/nav2_odom_ws/share/nav2_odom_ws/package.sh'
[0.551s] INFO:colcon.colcon_core.shell:Creating package script '/home/fadlan/Documents/Vision-Heroes/nav2_odom_ws/install/nav2_odom_ws/share/nav2_odom_ws/package.bash'
[0.551s] INFO:colcon.colcon_core.shell:Creating package script '/home/fadlan/Documents/Vision-Heroes/nav2_odom_ws/install/nav2_odom_ws/share/nav2_odom_ws/package.zsh'
[0.552s] Level 1:colcon.colcon_core.environment:create_file_with_runtime_dependencies(/home/fadlan/Documents/Vision-Heroes/nav2_odom_ws/install/nav2_odom_ws/share/colcon-core/packages/nav2_odom_ws)
[0.552s] DEBUG:colcon.colcon_parallel_executor.executor.parallel:closing loop
[0.552s] DEBUG:colcon.colcon_parallel_executor.executor.parallel:loop closed
[0.552s] DEBUG:colcon.colcon_parallel_executor.executor.parallel:run_until_complete finished with '0'
[0.552s] DEBUG:colcon.colcon_core.event_reactor:joining thread
[0.558s] INFO:colcon.colcon_core.plugin_system:Skipping extension 'colcon_notification.desktop_notification.terminal_notifier': Not used on non-Darwin systems
[0.558s] INFO:colcon.colcon_core.plugin_system:Skipping extension 'colcon_notification.desktop_notification.win32': Not used on non-Windows systems
[0.558s] INFO:colcon.colcon_notification.desktop_notification:Sending desktop notification using 'notify2'
[0.571s] DEBUG:colcon.colcon_core.event_reactor:joined thread
[0.572s] INFO:colcon.colcon_core.shell:Creating prefix script '/home/fadlan/Documents/Vision-Heroes/nav2_odom_ws/install/local_setup.ps1'
[0.573s] INFO:colcon.colcon_core.shell:Creating prefix util module '/home/fadlan/Documents/Vision-Heroes/nav2_odom_ws/install/_local_setup_util_ps1.py'
[0.574s] INFO:colcon.colcon_core.shell:Creating prefix chain script '/home/fadlan/Documents/Vision-Heroes/nav2_odom_ws/install/setup.ps1'
[0.576s] INFO:colcon.colcon_core.shell:Creating prefix script '/home/fadlan/Documents/Vision-Heroes/nav2_odom_ws/install/local_setup.sh'
[0.576s] INFO:colcon.colcon_core.shell:Creating prefix util module '/home/fadlan/Documents/Vision-Heroes/nav2_odom_ws/install/_local_setup_util_sh.py'
[0.577s] INFO:colcon.colcon_core.shell:Creating prefix chain script '/home/fadlan/Documents/Vision-Heroes/nav2_odom_ws/install/setup.sh'
[0.578s] INFO:colcon.colcon_core.shell:Creating prefix script '/home/fadlan/Documents/Vision-Heroes/nav2_odom_ws/install/local_setup.bash'
[0.579s] INFO:colcon.colcon_core.shell:Creating prefix chain script '/home/fadlan/Documents/Vision-Heroes/nav2_odom_ws/install/setup.bash'
[0.579s] INFO:colcon.colcon_core.shell:Creating prefix script '/home/fadlan/Documents/Vision-Heroes/nav2_odom_ws/install/local_setup.zsh'
[0.580s] INFO:colcon.colcon_core.shell:Creating prefix chain script '/home/fadlan/Documents/Vision-Heroes/nav2_odom_ws/install/setup.zsh'
